# JRE version: Java(TM) SE Runtime Environment (11.0.2+9) (build 11.0.2+9-LTS)
# Java VM: Java HotSpot(TM) 64-Bit Server VM (11.0.2+9-LTS, mixed mode, tiered, compressed oops, g1 gc, windows-amd64)
Heap:
 garbage-first heap   total 315392K, used 35795K [0x0000000701400000, 0x0000000800000000)
  region size 1024K, 20 young (20480K), 7 survivors (7168K)
 Metaspace       used 43918K, capacity 44485K, committed 44592K, reserved 1089536K
  class space    used 4923K, capacity 5142K, committed 5248K, reserved 1048576K
GC Heap History (10 events):
Event: 1.259 GC heap before
{Heap before GC invocations=1 (full 0):
 garbage-first heap   total 262144K, used 14350K [0x0000000701400000, 0x0000000800000000)
  region size 1024K, 12 young (12288K), 2 survivors (2048K)
 Metaspace       used 14244K, capacity 14570K, committed 14720K, reserved 1062912K
  class space    used 1500K, capacity 1626K, committed 1664K, reserved 1048576K
}
Event: 1.264 GC heap after
{Heap after GC invocations=2 (full 0):
 garbage-first heap   total 262144K, used 5027K [0x0000000701400000, 0x0000000800000000)
  region size 1024K, 1 young (1024K), 1 survivors (1024K)
 Metaspace       used 14244K, capacity 14570K, committed 14720K, reserved 1062912K
  class space    used 1500K, capacity 1626K, committed 1664K, reserved 1048576K
}
Event: 1.744 GC heap before
{Heap before GC invocations=2 (full 0):
 garbage-first heap   total 262144K, used 30627K [0x0000000701400000, 0x0000000800000000)
  region size 1024K, 28 young (28672K), 1 survivors (1024K)
 Metaspace       used 20824K, capacity 21159K, committed 21296K, reserved 1069056K
  class space    used 2250K, capacity 2378K, committed 2432K, reserved 1048576K
}
Event: 1.757 GC heap after
{Heap after GC invocations=3 (full 0):
 garbage-first heap   total 262144K, used 6609K [0x0000000701400000, 0x0000000800000000)
  region size 1024K, 3 young (3072K), 3 survivors (3072K)
 Metaspace       used 20824K, capacity 21159K, committed 21296K, reserved 1069056K
  class space    used 2250K, capacity 2378K, committed 2432K, reserved 1048576K
}
Event: 2.872 GC heap before
{Heap before GC invocations=4 (full 0):
 garbage-first heap   total 262144K, used 45521K [0x0000000701400000, 0x0000000800000000)
  region size 1024K, 42 young (43008K), 3 survivors (3072K)
 Metaspace       used 27761K, capacity 28311K, committed 28592K, reserved 1075200K
  class space    used 3035K, capacity 3244K, committed 3328K, reserved 1048576K
}
Event: 2.881 GC heap after
{Heap after GC invocations=5 (full 0):
 garbage-first heap   total 262144K, used 9848K [0x0000000701400000, 0x0000000800000000)
  region size 1024K, 6 young (6144K), 6 survivors (6144K)
 Metaspace       used 27761K, capacity 28311K, committed 28592K, reserved 1075200K
  class space    used 3035K, capacity 3244K, committed 3328K, reserved 1048576K
}
Event: 4.449 GC heap before
{Heap before GC invocations=5 (full 0):
 garbage-first heap   total 262144K, used 69240K [0x0000000701400000, 0x0000000800000000)
  region size 1024K, 65 young (66560K), 6 survivors (6144K)
 Metaspace       used 35323K, capacity 35795K, committed 35888K, reserved 1081344K
  class space    used 3949K, capacity 4154K, committed 4224K, reserved 1048576K
}
Event: 4.468 GC heap after
{Heap after GC invocations=6 (full 0):
 garbage-first heap   total 262144K, used 17105K [0x0000000701400000, 0x0000000800000000)
  region size 1024K, 13 young (13312K), 13 survivors (13312K)
 Metaspace       used 35323K, capacity 35795K, committed 35888K, reserved 1081344K
  class space    used 3949K, capacity 4154K, committed 4224K, reserved 1048576K
}
Event: 8.738 GC heap before
{Heap before GC invocations=7 (full 0):
 garbage-first heap   total 262144K, used 109265K [0x0000000701400000, 0x0000000800000000)
  region size 1024K, 100 young (102400K), 13 survivors (13312K)
 Metaspace       used 41867K, capacity 42358K, committed 42544K, reserved 1087488K
  class space    used 4683K, capacity 4881K, committed 4992K, reserved 1048576K
}
Event: 8.761 GC heap after
{Heap after GC invocations=8 (full 0):
 garbage-first heap   total 315392K, used 23507K [0x0000000701400000, 0x0000000800000000)
  region size 1024K, 7 young (7168K), 7 survivors (7168K)
 Metaspace       used 41867K, capacity 42358K, committed 42544K, reserved 1087488K
  class space    used 4683K, capacity 4881K, committed 4992K, reserved 1048576K
}

